\BOOKMARK [0][]{Contents.0}{\376\377\000T\000a\000b\000l\000e\000\040\000o\000f\000\040\000c\000o\000n\000t\000e\000n\000t\000s}{}% 1
\BOOKMARK [0][]{chapter*.4}{\376\377\000L\000i\000s\000t\000\040\000o\000f\000\040\000f\000i\000g\000u\000r\000e\000s}{}% 2
\BOOKMARK [0][]{chapter*.5}{\376\377\000L\000i\000s\000t\000\040\000o\000f\000\040\000t\000a\000b\000l\000e\000s}{}% 3
\BOOKMARK [0][]{chapter.1}{\376\377\0001\000\040\000I\000n\000t\000r\000o\000d\000u\000c\000t\000i\000o\000n}{}% 4
\BOOKMARK [1][]{section.1.1}{\376\377\0001\000.\0001\000\040\000I\000n\000q\000u\000a\000d\000r\000a\000m\000e\000n\000t\000o\000\040\000g\000e\000n\000e\000r\000a\000l\000e}{chapter.1}% 5
\BOOKMARK [1][]{section.1.2}{\376\377\0001\000.\0002\000\040\000B\000r\000e\000v\000e\000\040\000d\000e\000s\000c\000r\000i\000z\000i\000o\000n\000e\000\040\000d\000e\000l\000\040\000l\000a\000v\000o\000r\000o}{chapter.1}% 6
\BOOKMARK [1][]{section.1.3}{\376\377\0001\000.\0003\000\040\000S\000t\000r\000u\000t\000t\000u\000r\000a\000\040\000d\000e\000l\000l\000a\000\040\000t\000e\000s\000i}{chapter.1}% 7
\BOOKMARK [1][]{section.1.4}{\376\377\0001\000.\0004\000\040\000T\000h\000e\000s\000i\000s\000\040\000O\000u\000t\000l\000i\000n\000e}{chapter.1}% 8
\BOOKMARK [0][]{chapter.2}{\376\377\0002\000\040\000B\000a\000c\000k\000g\000r\000o\000u\000n\000d}{}% 9
\BOOKMARK [1][]{section.2.1}{\376\377\0002\000.\0001\000\040\000A\000u\000t\000i\000s\000m\000\040\000S\000p\000e\000c\000t\000r\000u\000m\000\040\000D\000i\000s\000o\000r\000d\000e\000r}{chapter.2}% 10
\BOOKMARK [2][]{subsection.2.1.1}{\376\377\0002\000.\0001\000.\0001\000\040\000S\000y\000m\000p\000t\000o\000m\000s\000\040\000a\000n\000d\000\040\000D\000i\000a\000g\000n\000o\000s\000i\000s}{section.2.1}% 11
\BOOKMARK [2][]{subsection.2.1.2}{\376\377\0002\000.\0001\000.\0002\000\040\000C\000l\000a\000s\000s\000i\000c\000\040\000T\000r\000e\000a\000t\000m\000e\000n\000t\000s}{section.2.1}% 12
\BOOKMARK [0][]{chapter.3}{\376\377\0003\000\040\000R\000e\000l\000a\000t\000e\000d\000\040\000W\000o\000r\000k}{}% 13
\BOOKMARK [1][]{section.3.1}{\376\377\0003\000.\0001\000\040\000S\000o\000c\000i\000a\000l\000\040\000R\000o\000b\000o\000t\000s\000\040\000a\000n\000d\000\040\000C\000h\000i\000l\000d\000r\000e\000n\000\040\000w\000i\000t\000h\000\040\000A\000S\000D}{chapter.3}% 14
\BOOKMARK [2][]{subsection.3.1.1}{\376\377\0003\000.\0001\000.\0001\000\040\000D\000e\000s\000i\000g\000n\000\040\000F\000e\000a\000t\000u\000r\000e\000s}{section.3.1}% 15
\BOOKMARK [2][]{subsection.3.1.2}{\376\377\0003\000.\0001\000.\0002\000\040\000T\000a\000r\000g\000e\000t\000\040\000B\000e\000h\000a\000v\000i\000o\000r\000s}{section.3.1}% 16
\BOOKMARK [1][]{section.3.2}{\376\377\0003\000.\0002\000\040\000T\000h\000e\000\040\000A\000u\000r\000o\000r\000a\000\040\000P\000r\000o\000j\000e\000c\000t}{chapter.3}% 17
\BOOKMARK [2][]{subsection.3.2.1}{\376\377\0003\000.\0002\000.\0001\000\040\000L\000a\000b\000o\000-\0001}{section.3.2}% 18
\BOOKMARK [2][]{subsection.3.2.2}{\376\377\0003\000.\0002\000.\0002\000\040\000R\000o\000b\000o\000t\000a}{section.3.2}% 19
\BOOKMARK [2][]{subsection.3.2.3}{\376\377\0003\000.\0002\000.\0003\000\040\000K\000a\000s\000p\000a\000r}{section.3.2}% 20
\BOOKMARK [1][]{section.3.3}{\376\377\0003\000.\0003\000\040\000T\000i\000t\000o}{chapter.3}% 21
\BOOKMARK [1][]{section.3.4}{\376\377\0003\000.\0004\000\040\000K\000e\000e\000p\000o\000n}{chapter.3}% 22
\BOOKMARK [1][]{section.3.5}{\376\377\0003\000.\0005\000\040\000P\000a\000r\000o}{chapter.3}% 23
\BOOKMARK [1][]{section.3.6}{\376\377\0003\000.\0006\000\040\000N\000a\000o\000\040\000\046\000\040\000Z\000e\000n\000o}{chapter.3}% 24
\BOOKMARK [1][]{section.3.7}{\376\377\0003\000.\0007\000\040\000P\000r\000e\000v\000i\000o\000u\000s\000\040\000T\000e\000o}{chapter.3}% 25
\BOOKMARK [0][]{chapter.4}{\376\377\0004\000\040\000S\000y\000s\000t\000e\000m\000\040\000D\000e\000s\000i\000g\000n}{}% 26
\BOOKMARK [1][]{section.4.1}{\376\377\0004\000.\0001\000\040\000D\000e\000s\000i\000g\000n\000\040\000F\000e\000a\000t\000u\000r\000e\000s}{chapter.4}% 27
\BOOKMARK [1][]{section.4.2}{\376\377\0004\000.\0002\000\040\000A\000n\000d\000r\000o\000i\000d\000\040\000A\000p\000p\000l\000i\000c\000a\000t\000i\000o\000n}{chapter.4}% 28
\BOOKMARK [1][]{section.4.3}{\376\377\0004\000.\0003\000\040\000F\000a\000m\000i\000l\000i\000a\000r\000i\000z\000a\000t\000i\000o\000n\000\040\000M\000o\000d\000a\000l\000i\000t\000y}{chapter.4}% 29
\BOOKMARK [2][]{subsection.4.3.1}{\376\377\0004\000.\0003\000.\0001\000\040\000A\000n\000d\000r\000o\000i\000d\000\040\000A\000p\000p\000l\000i\000c\000a\000t\000i\000o\000n}{section.4.3}% 30
\BOOKMARK [1][]{section.4.4}{\376\377\0004\000.\0004\000\040\000G\000a\000m\000e\000\040\000M\000o\000d\000a\000l\000i\000t\000y}{chapter.4}% 31
\BOOKMARK [0][]{chapter.5}{\376\377\0005\000\040\000S\000y\000s\000t\000e\000m\000\040\000I\000m\000p\000l\000e\000m\000e\000n\000t\000a\000t\000i\000o\000n}{}% 32
\BOOKMARK [1][]{section.5.1}{\376\377\0005\000.\0001\000\040\000H\000a\000r\000d\000w\000a\000r\000e\000\040\000S\000e\000t\000u\000p}{chapter.5}% 33
\BOOKMARK [2][]{subsection.5.1.1}{\376\377\0005\000.\0001\000.\0001\000\040\000A\000r\000d\000u\000i\000n\000o\000\040\000M\000e\000g\000a}{section.5.1}% 34
\BOOKMARK [2][]{subsection.5.1.2}{\376\377\0005\000.\0001\000.\0002\000\040\000S\000e\000r\000i\000a\000l\000\040\000D\000e\000v\000i\000c\000e\000s}{section.5.1}% 35
\BOOKMARK [2][]{subsection.5.1.3}{\376\377\0005\000.\0001\000.\0003\000\040\000S\000e\000n\000s\000o\000r\000s}{section.5.1}% 36
\BOOKMARK [2][]{subsection.5.1.4}{\376\377\0005\000.\0001\000.\0004\000\040\000A\000c\000t\000u\000a\000t\000o\000r\000s}{section.5.1}% 37
\BOOKMARK [1][]{section.5.2}{\376\377\0005\000.\0002\000\040\000B\000l\000u\000e\000t\000o\000o\000t\000h\000\040\000C\000o\000n\000n\000e\000c\000t\000i\000o\000n}{chapter.5}% 38
\BOOKMARK [2][]{subsection.5.2.1}{\376\377\0005\000.\0002\000.\0001\000\040\000B\000l\000u\000e\000t\000o\000o\000t\000h\000\040\000M\000o\000d\000u\000l\000e\000\050\000H\000C\000-\0000\0005\000\051}{section.5.2}% 39
\BOOKMARK [2][]{subsection.5.2.2}{\376\377\0005\000.\0002\000.\0002\000\040\000C\000o\000m\000m\000u\000n\000i\000c\000a\000t\000i\000o\000n\000\040\000s\000t\000a\000t\000e\000s}{section.5.2}% 40
\BOOKMARK [1][]{section.5.3}{\376\377\0005\000.\0003\000\040\000B\000a\000s\000i\000c\000\040\000R\000o\000b\000o\000t\000'\000s\000\040\000m\000o\000v\000e\000m\000e\000n\000t\000\040\000c\000o\000n\000t\000r\000o\000l}{chapter.5}% 41
\BOOKMARK [2][]{subsection.5.3.1}{\376\377\0005\000.\0003\000.\0001\000\040\000T\000r\000i\000s\000k\000a\000r\000\040\000b\000a\000s\000e}{section.5.3}% 42
\BOOKMARK [2][]{subsection.5.3.2}{\376\377\0005\000.\0003\000.\0002\000\040\000P\000I\000D}{section.5.3}% 43
\BOOKMARK [2][]{subsection.5.3.3}{\376\377\0005\000.\0003\000.\0003\000\040\000I\000n\000v\000e\000r\000s\000e\000\040\000K\000i\000n\000e\000m\000a\000t\000i\000c}{section.5.3}% 44
\BOOKMARK [2][]{subsection.5.3.4}{\376\377\0005\000.\0003\000.\0004\000\040\000D\000i\000r\000e\000c\000t\000\040\000K\000i\000n\000e\000m\000a\000t\000i\000c}{section.5.3}% 45
\BOOKMARK [2][]{subsection.5.3.5}{\376\377\0005\000.\0003\000.\0005\000\040\000O\000d\000o\000m\000e\000t\000r\000y}{section.5.3}% 46
\BOOKMARK [2][]{subsection.5.3.6}{\376\377\0005\000.\0003\000.\0006\000\040\000M\000o\000v\000e\000m\000e\000n\000t\000\040\000P\000a\000t\000t\000e\000r\000n\000s}{section.5.3}% 47
\BOOKMARK [1][]{section.5.4}{\376\377\0005\000.\0004\000\040\000S\000o\000n\000a\000r\000s\000\040\000M\000a\000n\000a\000g\000e\000m\000e\000n\000t}{chapter.5}% 48
\BOOKMARK [2][]{subsection.5.4.1}{\376\377\0005\000.\0004\000.\0001\000\040\000U\000l\000t\000r\000a\000s\000o\000n\000i\000c\000\040\000R\000a\000n\000g\000i\000n\000g\000\040\000M\000o\000d\000u\000l\000e\000s\000\050\000H\000C\000-\000S\000R\0000\0004\000\051}{section.5.4}% 49
\BOOKMARK [2][]{subsection.5.4.2}{\376\377\0005\000.\0004\000.\0002\000\040\000S\000o\000n\000a\000r\000s\000\040\000o\000r\000i\000e\000n\000t\000a\000t\000i\000o\000n}{section.5.4}% 50
\BOOKMARK [2][]{subsection.5.4.3}{\376\377\0005\000.\0004\000.\0003\000\040\000I\000n\000p\000u\000t\000\040\000f\000i\000l\000t\000e\000r\000i\000n\000g\000\040\000a\000n\000d\000\040\000c\000l\000a\000s\000s\000i\000f\000i\000c\000a\000t\000i\000o\000n}{section.5.4}% 51
\BOOKMARK [1][]{section.5.5}{\376\377\0005\000.\0005\000\040\000A\000u\000d\000i\000o\000\040\000P\000l\000a\000y\000b\000a\000c\000k}{chapter.5}% 52
\BOOKMARK [2][]{subsection.5.5.1}{\376\377\0005\000.\0005\000.\0001\000\040\000D\000F\000\040\000P\000l\000a\000y\000e\000r}{section.5.5}% 53
\BOOKMARK [2][]{subsection.5.5.2}{\376\377\0005\000.\0005\000.\0002\000\040\000S\000p\000e\000a\000k\000e\000r\000s}{section.5.5}% 54
\BOOKMARK [2][]{subsection.5.5.3}{\376\377\0005\000.\0005\000.\0003\000\040\000S\000o\000f\000t\000w\000a\000r\000e\000\040\000M\000a\000n\000a\000g\000e\000m\000e\000n\000t}{section.5.5}% 55
\BOOKMARK [1][]{section.5.6}{\376\377\0005\000.\0006\000\040\000T\000o\000u\000c\000h\000\040\000D\000e\000t\000e\000c\000t\000i\000n\000g}{chapter.5}% 56
\BOOKMARK [2][]{subsection.5.6.1}{\376\377\0005\000.\0006\000.\0001\000\040\000A\000r\000d\000u\000i\000n\000o\000\040\000N\000a\000n\000o}{section.5.6}% 57
\BOOKMARK [2][]{subsection.5.6.2}{\376\377\0005\000.\0006\000.\0002\000\040\000C\000o\000m\000m\000u\000n\000i\000c\000a\000t\000i\000o\000n\000\040\000b\000e\000t\000w\000e\000e\000n\000\040\000t\000w\000o\000\040\000A\000r\000d\000u\000i\000n\000o\000s}{section.5.6}% 58
\BOOKMARK [2][]{subsection.5.6.3}{\376\377\0005\000.\0006\000.\0003\000\040\000C\000a\000p\000a\000c\000i\000t\000i\000v\000e\000\040\000S\000e\000n\000s\000o\000r\000s}{section.5.6}% 59
\BOOKMARK [2][]{subsection.5.6.4}{\376\377\0005\000.\0006\000.\0004\000\040\000A\000c\000c\000e\000l\000e\000r\000o\000m\000e\000t\000e\000r\000\050\000M\000P\000U\0006\0000\0005\0000\000\051}{section.5.6}% 60
\BOOKMARK [2][]{subsection.5.6.5}{\376\377\0005\000.\0006\000.\0005\000\040\000T\000o\000u\000c\000h\000\040\000c\000l\000a\000s\000s\000i\000f\000i\000c\000a\000t\000i\000o\000n}{section.5.6}% 61
\BOOKMARK [2][]{subsection.5.6.6}{\376\377\0005\000.\0006\000.\0006\000\040\000T\000o\000u\000c\000h\000\040\000r\000e\000a\000c\000t\000i\000o\000n\000s}{section.5.6}% 62
\BOOKMARK [1][]{section.5.7}{\376\377\0005\000.\0007\000\040\000M\000i\000c\000r\000o\000\040\000D\000e\000t\000e\000c\000t\000i\000n\000g}{chapter.5}% 63
\BOOKMARK [2][]{subsection.5.7.1}{\376\377\0005\000.\0007\000.\0001\000\040\000M\000i\000c\000r\000o\000p\000h\000o\000n\000e\000\040\000S\000e\000n\000s\000o\000r\000\050\000S\000u\000n\000f\000o\000u\000n\000d\000e\000r\000\040\000S\000o\000u\000n\000d\000\040\000S\000e\000n\000s\000o\000r\000\051}{section.5.7}% 64
\BOOKMARK [2][]{subsection.5.7.2}{\376\377\0005\000.\0007\000.\0002\000\040\000F\000i\000l\000t\000e\000r\000i\000n\000g\000\040\000a\000n\000d\000\040\000t\000h\000r\000e\000s\000h\000o\000l\000d}{section.5.7}% 65
\BOOKMARK [2][]{subsection.5.7.3}{\376\377\0005\000.\0007\000.\0003\000\040\000R\000e\000a\000c\000t\000i\000o\000n\000\040\000B\000e\000h\000a\000v\000i\000o\000r\000s}{section.5.7}% 66
\BOOKMARK [1][]{section.5.8}{\376\377\0005\000.\0008\000\040\000L\000e\000d\000s\000\040\000M\000a\000n\000a\000g\000e\000m\000e\000n\000t}{chapter.5}% 67
\BOOKMARK [2][]{subsection.5.8.1}{\376\377\0005\000.\0008\000.\0001\000\040\000N\000o\000n\000\040\000A\000d\000d\000r\000e\000s\000s\000a\000b\000l\000e\000\040\000R\000G\000B\000\040\000L\000E\000D\000\040\000S\000t\000r\000i\000p}{section.5.8}% 68
\BOOKMARK [2][]{subsection.5.8.2}{\376\377\0005\000.\0008\000.\0002\000\040\000A\000d\000a\000f\000r\000u\000i\000t\000\040\000N\000e\000o\000P\000i\000x\000e\000l\000\040\000A\000d\000d\000r\000e\000s\000s\000a\000b\000l\000e\000\040\000R\000G\000B\000\040\000L\000E\000D\000\040\000S\000t\000r\000i\000p}{section.5.8}% 69
\BOOKMARK [2][]{subsection.5.8.3}{\376\377\0005\000.\0008\000.\0003\000\040\000L\000e\000d\000\040\000P\000a\000t\000t\000e\000r\000n\000s\000\040\000a\000n\000d\000\040\000c\000o\000l\000o\000r\000s}{section.5.8}% 70
\BOOKMARK [1][]{section.5.9}{\376\377\0005\000.\0009\000\040\000A\000u\000t\000o\000n\000o\000m\000o\000u\000s\000\040\000M\000o\000v\000e\000m\000e\000n\000t\000s}{chapter.5}% 71
\BOOKMARK [2][]{subsection.5.9.1}{\376\377\0005\000.\0009\000.\0001\000\040\000E\000x\000p\000l\000o\000r\000i\000n\000g}{section.5.9}% 72
\BOOKMARK [2][]{subsection.5.9.2}{\376\377\0005\000.\0009\000.\0002\000\040\000F\000o\000l\000l\000o\000w\000i\000n\000g}{section.5.9}% 73
\BOOKMARK [2][]{subsection.5.9.3}{\376\377\0005\000.\0009\000.\0003\000\040\000M\000i\000x\000e\000d\000\040\000M\000o\000v\000e\000m\000e\000n\000t}{section.5.9}% 74
\BOOKMARK [1][]{section.5.10}{\376\377\0005\000.\0001\0000\000\040\000M\000o\000o\000d\000s\000\040\000E\000x\000p\000r\000e\000s\000s\000i\000o\000n}{chapter.5}% 75
\BOOKMARK [2][]{subsection.5.10.1}{\376\377\0005\000.\0001\0000\000.\0001\000\040\000H\000a\000p\000p\000y}{section.5.10}% 76
\BOOKMARK [2][]{subsection.5.10.2}{\376\377\0005\000.\0001\0000\000.\0002\000\040\000S\000a\000d}{section.5.10}% 77
\BOOKMARK [2][]{subsection.5.10.3}{\376\377\0005\000.\0001\0000\000.\0003\000\040\000S\000c\000a\000r\000e\000d}{section.5.10}% 78
\BOOKMARK [2][]{subsection.5.10.4}{\376\377\0005\000.\0001\0000\000.\0004\000\040\000A\000n\000g\000r\000y}{section.5.10}% 79
\BOOKMARK [1][]{section.5.11}{\376\377\0005\000.\0001\0001\000\040\000G\000a\000m\000e\000\040\000A\000l\000g\000h\000o\000r\000i\000t\000h\000m}{chapter.5}% 80
\BOOKMARK [2][]{subsection.5.11.1}{\376\377\0005\000.\0001\0001\000.\0001\000\040\000D\000a\000t\000a\000\040\000C\000o\000l\000l\000e\000c\000t\000i\000o\000n}{section.5.11}% 81
\BOOKMARK [1][]{section.5.12}{\376\377\0005\000.\0001\0002\000\040\000B\000a\000t\000t\000e\000r\000y\000\040\000L\000e\000v\000e\000l\000\040\000C\000h\000e\000c\000k}{chapter.5}% 82
\BOOKMARK [0][]{chapter.6}{\376\377\0006\000\040\000E\000x\000p\000e\000r\000i\000m\000e\000n\000t\000s\000\040\000a\000n\000d\000\040\000R\000e\000s\000u\000l\000t\000s}{}% 83
\BOOKMARK [1][]{section.6.1}{\376\377\0006\000.\0001\000\040\000P\000I\000D\000\040\000T\000u\000n\000i\000n\000g}{chapter.6}% 84
\BOOKMARK [1][]{section.6.2}{\376\377\0006\000.\0002\000\040\000O\000d\000o\000m\000e\000t\000r\000y\000\040\000T\000e\000s\000t\000i\000n\000g}{chapter.6}% 85
\BOOKMARK [0][]{chapter.7}{\376\377\0007\000\040\000C\000o\000n\000c\000l\000u\000s\000i\000o\000n\000s\000\040\000a\000n\000d\000\040\000F\000u\000t\000u\000r\000e\000\040\000W\000o\000r\000k}{}% 86
\BOOKMARK [0][]{chapter*.37}{\376\377\000R\000e\000f\000e\000r\000e\000n\000c\000e\000s}{}% 87
